2025-07-31 16:51:14,695 ERROR cssutils Property: Invalid value for "CSS Level 2.1" property: var(--gray-900) [14:3: color]
2025-07-31 16:51:14,711 WARNING cssutils Property: Unknown Property name. [64:2: word-wrap]
2025-07-31 16:51:14,713 WARNING cssutils Property: Unknown Property name. [83:2: columns]
2025-07-31 16:51:14,713 WARNING cssutils Property: Unknown Property name. [90:2: background-size]
2025-07-31 16:51:14,714 WARNING cssutils Property: Unknown Property name. [98:2: object-fit]
2025-07-31 16:51:14,715 ERROR cssutils Invalid token: ('INVALID', '",', 110, 63)
2025-07-31 16:51:14,715 ERROR cssutils PropertyValue: Unknown syntax or no value:  
	"InterVariable", "Inter", -apple-system", "BlinkMacSystemFont",
		"Segoe UI", "Roboto", "Oxygen", "Ubuntu", "Cantarell", "Fira Sans", "Droid Sans",
		"Helvetica Neue", sans-serif
2025-07-31 16:51:14,715 ERROR cssutils CSSStyleDeclaration: Syntax Error in Property: font-family: 
	"InterVariable", "Inter", -apple-system", "BlinkMacSystemFont",
		"Segoe UI", "Roboto", "Oxygen", "Ubuntu", "Cantarell", "Fira Sans", "Droid Sans",
		"Helvetica Neue", sans-serif
2025-07-31 16:51:14,715 WARNING cssutils Property: Unknown Property name. [114:2: -webkit-print-color-adjust]
2025-07-31 16:51:14,718 WARNING cssutils Property: Unknown Property name. [166:2: word-break]
2025-08-01 10:03:39,971 ERROR cssutils Property: Invalid value for "CSS Level 2.1" property: var(--gray-900) [14:3: color]
2025-08-01 10:03:40,012 WARNING cssutils Property: Unknown Property name. [64:2: word-wrap]
2025-08-01 10:03:40,015 WARNING cssutils Property: Unknown Property name. [83:2: columns]
2025-08-01 10:03:40,016 WARNING cssutils Property: Unknown Property name. [90:2: background-size]
2025-08-01 10:03:40,017 WARNING cssutils Property: Unknown Property name. [98:2: object-fit]
2025-08-01 10:03:40,018 ERROR cssutils Invalid token: ('INVALID', '",', 110, 63)
2025-08-01 10:03:40,018 ERROR cssutils PropertyValue: Unknown syntax or no value:  
	"InterVariable", "Inter", -apple-system", "BlinkMacSystemFont",
		"Segoe UI", "Roboto", "Oxygen", "Ubuntu", "Cantarell", "Fira Sans", "Droid Sans",
		"Helvetica Neue", sans-serif
2025-08-01 10:03:40,018 ERROR cssutils CSSStyleDeclaration: Syntax Error in Property: font-family: 
	"InterVariable", "Inter", -apple-system", "BlinkMacSystemFont",
		"Segoe UI", "Roboto", "Oxygen", "Ubuntu", "Cantarell", "Fira Sans", "Droid Sans",
		"Helvetica Neue", sans-serif
2025-08-01 10:03:40,018 WARNING cssutils Property: Unknown Property name. [114:2: -webkit-print-color-adjust]
2025-08-01 10:03:40,022 WARNING cssutils Property: Unknown Property name. [166:2: word-break]
