2025-08-05 10:58:00,618 ERROR scheduler Skipped queueing frappe.email.queue.retry_sending_emails because it was found in queue for library.localhost
2025-08-05 10:58:00,620 ERROR scheduler Skipped queueing frappe.integrations.doctype.google_calendar.google_calendar.sync because it was found in queue for library.localhost
2025-08-12 16:34:00,934 ERROR scheduler Skipped queueing frappe.monitor.flush because it was found in queue for library.localhost
2025-08-12 16:34:00,940 ERROR scheduler Skipped queueing frappe.model.utils.link_count.update_link_count because it was found in queue for library.localhost
2025-08-12 16:34:00,942 ERROR scheduler Skipped queueing frappe.email.queue.retry_sending_emails because it was found in queue for library.localhost
2025-08-12 16:34:00,943 ERROR scheduler Skipped queueing frappe.email.doctype.notification.notification.trigger_offset_alerts because it was found in queue for library.localhost
2025-08-12 16:34:00,947 ERROR scheduler Skipped queueing frappe.deferred_insert.save_to_db because it was found in queue for library.localhost
2025-08-12 16:46:00,041 ERROR scheduler Skipped queueing frappe.monitor.flush because it was found in queue for library.localhost
2025-08-12 16:46:00,050 ERROR scheduler Skipped queueing frappe.email.queue.retry_sending_emails because it was found in queue for library.localhost
2025-08-12 16:46:00,051 ERROR scheduler Skipped queueing frappe.integrations.doctype.google_calendar.google_calendar.sync because it was found in queue for library.localhost
2025-08-12 16:46:00,053 ERROR scheduler Skipped queueing frappe.email.queue.flush because it was found in queue for library.localhost
2025-08-12 16:46:00,061 ERROR scheduler Skipped queueing frappe.email.doctype.notification.notification.trigger_offset_alerts because it was found in queue for library.localhost
2025-08-12 17:06:00,832 ERROR scheduler Skipped queueing frappe.website.doctype.personal_data_deletion_request.personal_data_deletion_request.process_data_deletion_request because it was found in queue for library.localhost
2025-08-12 17:06:00,835 ERROR scheduler Skipped queueing frappe.website.doctype.web_page.web_page.check_publish_status because it was found in queue for library.localhost
2025-08-12 17:06:00,837 ERROR scheduler Skipped queueing frappe.core.doctype.prepared_report.prepared_report.expire_stalled_report because it was found in queue for library.localhost
2025-08-12 17:06:00,845 ERROR scheduler Skipped queueing frappe.oauth.delete_oauth2_data because it was found in queue for library.localhost
2025-08-12 17:06:00,848 ERROR scheduler Skipped queueing frappe.desk.page.backups.backups.delete_downloadable_backups because it was found in queue for library.localhost
2025-08-12 17:06:00,851 ERROR scheduler Skipped queueing frappe.desk.form.document_follow.send_hourly_updates because it was found in queue for library.localhost
2025-08-12 17:06:00,854 ERROR scheduler Skipped queueing frappe.model.utils.user_settings.sync_user_settings because it was found in queue for library.localhost
2025-08-12 17:06:00,861 ERROR scheduler Skipped queueing frappe.twofactor.delete_all_barcodes_for_users because it was found in queue for library.localhost
2025-08-12 17:14:00,897 ERROR scheduler Skipped queueing frappe.email.doctype.notification.notification.trigger_offset_alerts because it was found in queue for library.localhost
2025-08-12 17:26:00,013 ERROR scheduler Skipped queueing frappe.email.queue.retry_sending_emails because it was found in queue for library.localhost
2025-08-12 17:26:00,014 ERROR scheduler Skipped queueing frappe.email.queue.flush because it was found in queue for library.localhost
2025-08-12 17:26:00,015 ERROR scheduler Skipped queueing frappe.monitor.flush because it was found in queue for library.localhost
2025-08-12 17:34:00,063 ERROR scheduler Skipped queueing frappe.deferred_insert.save_to_db because it was found in queue for library.localhost
2025-08-12 17:34:00,064 ERROR scheduler Skipped queueing frappe.automation.doctype.reminder.reminder.send_reminders because it was found in queue for library.localhost
2025-08-12 17:34:00,067 ERROR scheduler Skipped queueing frappe.email.doctype.email_account.email_account.notify_unreplied because it was found in queue for library.localhost
2025-08-12 17:34:00,070 ERROR scheduler Skipped queueing frappe.email.queue.flush because it was found in queue for library.localhost
2025-08-12 17:34:00,070 ERROR scheduler Skipped queueing frappe.utils.global_search.sync_global_search because it was found in queue for library.localhost
2025-08-12 17:46:00,134 ERROR scheduler Skipped queueing frappe.email.queue.flush because it was found in queue for library.localhost
2025-08-12 17:46:00,135 ERROR scheduler Skipped queueing frappe.monitor.flush because it was found in queue for library.localhost
2025-08-12 17:46:00,137 ERROR scheduler Skipped queueing frappe.email.queue.retry_sending_emails because it was found in queue for library.localhost
2025-08-12 17:46:00,138 ERROR scheduler Skipped queueing frappe.email.doctype.notification.notification.trigger_offset_alerts because it was found in queue for library.localhost
2025-08-12 17:54:00,186 ERROR scheduler Skipped queueing frappe.email.doctype.email_account.email_account.notify_unreplied because it was found in queue for library.localhost
2025-08-12 17:54:00,195 ERROR scheduler Skipped queueing frappe.deferred_insert.save_to_db because it was found in queue for library.localhost
2025-08-12 17:54:00,197 ERROR scheduler Skipped queueing frappe.automation.doctype.reminder.reminder.send_reminders because it was found in queue for library.localhost
2025-08-12 17:54:00,198 ERROR scheduler Skipped queueing frappe.email.queue.flush because it was found in queue for library.localhost
2025-08-12 17:54:00,198 ERROR scheduler Skipped queueing frappe.email.doctype.notification.notification.trigger_offset_alerts because it was found in queue for library.localhost
2025-08-12 18:06:01,343 ERROR scheduler Skipped queueing frappe.email.doctype.notification.notification.trigger_offset_alerts because it was found in queue for library.localhost
2025-08-12 18:06:01,345 ERROR scheduler Skipped queueing frappe.twofactor.delete_all_barcodes_for_users because it was found in queue for library.localhost
2025-08-12 18:06:01,347 ERROR scheduler Skipped queueing frappe.automation.doctype.reminder.reminder.send_reminders because it was found in queue for library.localhost
2025-08-12 18:06:01,349 ERROR scheduler Skipped queueing frappe.website.doctype.web_page.web_page.check_publish_status because it was found in queue for library.localhost
2025-08-12 18:06:01,351 ERROR scheduler Skipped queueing frappe.desk.form.document_follow.send_hourly_updates because it was found in queue for library.localhost
2025-08-12 18:06:01,352 ERROR scheduler Skipped queueing frappe.model.utils.user_settings.sync_user_settings because it was found in queue for library.localhost
2025-08-12 18:06:01,354 ERROR scheduler Skipped queueing frappe.email.queue.flush because it was found in queue for library.localhost
2025-08-12 18:06:01,355 ERROR scheduler Skipped queueing frappe.website.doctype.personal_data_deletion_request.personal_data_deletion_request.process_data_deletion_request because it was found in queue for library.localhost
2025-08-12 18:06:01,356 ERROR scheduler Skipped queueing frappe.email.doctype.email_account.email_account.notify_unreplied because it was found in queue for library.localhost
2025-08-12 18:06:01,357 ERROR scheduler Skipped queueing frappe.oauth.delete_oauth2_data because it was found in queue for library.localhost
2025-08-12 18:06:01,359 ERROR scheduler Skipped queueing frappe.monitor.flush because it was found in queue for library.localhost
2025-08-12 18:06:01,365 ERROR scheduler Skipped queueing frappe.utils.global_search.sync_global_search because it was found in queue for library.localhost
2025-08-12 18:06:01,365 ERROR scheduler Skipped queueing frappe.integrations.doctype.google_calendar.google_calendar.sync because it was found in queue for library.localhost
2025-08-12 18:06:01,366 ERROR scheduler Skipped queueing frappe.desk.page.backups.backups.delete_downloadable_backups because it was found in queue for library.localhost
2025-08-12 18:06:01,367 ERROR scheduler Skipped queueing frappe.model.utils.link_count.update_link_count because it was found in queue for library.localhost
2025-08-12 18:13:59,727 ERROR scheduler Skipped queueing frappe.email.doctype.notification.notification.trigger_offset_alerts because it was found in queue for library.localhost
2025-08-12 18:13:59,730 ERROR scheduler Skipped queueing frappe.automation.doctype.reminder.reminder.send_reminders because it was found in queue for library.localhost
2025-08-12 18:13:59,739 ERROR scheduler Skipped queueing frappe.email.queue.flush because it was found in queue for library.localhost
2025-08-12 18:13:59,740 ERROR scheduler Skipped queueing frappe.monitor.flush because it was found in queue for library.localhost
2025-08-12 18:13:59,741 ERROR scheduler Skipped queueing frappe.integrations.doctype.google_calendar.google_calendar.sync because it was found in queue for library.localhost
2025-08-12 18:13:59,742 ERROR scheduler Skipped queueing frappe.email.doctype.email_account.email_account.notify_unreplied because it was found in queue for library.localhost
2025-08-12 18:14:00,752 ERROR scheduler Skipped queueing frappe.integrations.doctype.google_calendar.google_calendar.sync because it was found in queue for library.localhost
2025-08-12 18:14:00,754 ERROR scheduler Skipped queueing frappe.automation.doctype.reminder.reminder.send_reminders because it was found in queue for library.localhost
2025-08-12 18:14:00,761 ERROR scheduler Skipped queueing frappe.email.queue.flush because it was found in queue for library.localhost
2025-08-12 18:14:00,763 ERROR scheduler Skipped queueing frappe.monitor.flush because it was found in queue for library.localhost
2025-08-12 18:14:00,764 ERROR scheduler Skipped queueing frappe.email.doctype.notification.notification.trigger_offset_alerts because it was found in queue for library.localhost
2025-08-12 18:14:00,766 ERROR scheduler Skipped queueing frappe.email.doctype.email_account.email_account.notify_unreplied because it was found in queue for library.localhost
2025-08-12 18:14:00,768 ERROR scheduler Skipped queueing frappe.email.queue.retry_sending_emails because it was found in queue for library.localhost
2025-08-12 18:26:00,825 ERROR scheduler Skipped queueing frappe.email.doctype.notification.notification.trigger_offset_alerts because it was found in queue for library.localhost
2025-08-12 18:26:00,831 ERROR scheduler Skipped queueing frappe.email.queue.flush because it was found in queue for library.localhost
2025-08-12 18:26:00,832 ERROR scheduler Skipped queueing frappe.email.queue.retry_sending_emails because it was found in queue for library.localhost
2025-08-12 18:46:00,953 ERROR scheduler Skipped queueing frappe.email.doctype.notification.notification.trigger_offset_alerts because it was found in queue for library.localhost
2025-08-12 18:46:00,954 ERROR scheduler Skipped queueing frappe.integrations.doctype.google_calendar.google_calendar.sync because it was found in queue for library.localhost
2025-08-12 18:46:00,955 ERROR scheduler Skipped queueing frappe.email.queue.flush because it was found in queue for library.localhost
2025-08-12 18:46:00,962 ERROR scheduler Skipped queueing frappe.monitor.flush because it was found in queue for library.localhost
2025-08-12 18:54:00,992 ERROR scheduler Skipped queueing frappe.monitor.flush because it was found in queue for library.localhost
2025-08-12 18:54:00,993 ERROR scheduler Skipped queueing frappe.integrations.doctype.google_calendar.google_calendar.sync because it was found in queue for library.localhost
2025-08-12 18:54:00,995 ERROR scheduler Skipped queueing frappe.email.queue.flush because it was found in queue for library.localhost
2025-08-12 18:54:00,998 ERROR scheduler Skipped queueing frappe.email.doctype.notification.notification.trigger_offset_alerts because it was found in queue for library.localhost
2025-08-12 19:06:00,063 ERROR scheduler Skipped queueing frappe.core.doctype.prepared_report.prepared_report.expire_stalled_report because it was found in queue for library.localhost
2025-08-12 19:06:00,065 ERROR scheduler Skipped queueing frappe.deferred_insert.save_to_db because it was found in queue for library.localhost
2025-08-12 19:06:00,068 ERROR scheduler Skipped queueing frappe.email.doctype.notification.notification.trigger_offset_alerts because it was found in queue for library.localhost
2025-08-12 19:06:00,069 ERROR scheduler Skipped queueing frappe.website.doctype.personal_data_deletion_request.personal_data_deletion_request.process_data_deletion_request because it was found in queue for library.localhost
2025-08-12 19:06:00,070 ERROR scheduler Skipped queueing frappe.website.doctype.web_page.web_page.check_publish_status because it was found in queue for library.localhost
2025-08-12 19:06:00,071 ERROR scheduler Skipped queueing frappe.email.queue.flush because it was found in queue for library.localhost
2025-08-12 19:06:00,072 ERROR scheduler Skipped queueing frappe.utils.global_search.sync_global_search because it was found in queue for library.localhost
2025-08-12 19:06:00,073 ERROR scheduler Skipped queueing frappe.email.doctype.email_account.email_account.notify_unreplied because it was found in queue for library.localhost
2025-08-12 19:06:00,073 ERROR scheduler Skipped queueing frappe.email.queue.retry_sending_emails because it was found in queue for library.localhost
2025-08-12 19:06:00,074 ERROR scheduler Skipped queueing frappe.desk.page.backups.backups.delete_downloadable_backups because it was found in queue for library.localhost
2025-08-12 19:06:00,075 ERROR scheduler Skipped queueing frappe.twofactor.delete_all_barcodes_for_users because it was found in queue for library.localhost
2025-08-12 19:06:00,076 ERROR scheduler Skipped queueing frappe.desk.form.document_follow.send_hourly_updates because it was found in queue for library.localhost
2025-08-12 19:06:00,076 ERROR scheduler Skipped queueing frappe.model.utils.link_count.update_link_count because it was found in queue for library.localhost
2025-08-12 19:06:00,077 ERROR scheduler Skipped queueing frappe.oauth.delete_oauth2_data because it was found in queue for library.localhost
2025-08-12 19:26:00,192 ERROR scheduler Skipped queueing frappe.email.doctype.notification.notification.trigger_offset_alerts because it was found in queue for library.localhost
2025-08-12 19:26:00,194 ERROR scheduler Skipped queueing frappe.email.queue.retry_sending_emails because it was found in queue for library.localhost
2025-08-12 19:26:00,197 ERROR scheduler Skipped queueing frappe.email.queue.flush because it was found in queue for library.localhost
2025-08-12 19:26:00,198 ERROR scheduler Skipped queueing frappe.integrations.doctype.google_calendar.google_calendar.sync because it was found in queue for library.localhost
2025-08-12 19:34:00,239 ERROR scheduler Skipped queueing frappe.integrations.doctype.google_calendar.google_calendar.sync because it was found in queue for library.localhost
2025-08-12 19:34:00,241 ERROR scheduler Skipped queueing frappe.email.queue.flush because it was found in queue for library.localhost
2025-08-12 19:34:00,242 ERROR scheduler Skipped queueing frappe.email.queue.retry_sending_emails because it was found in queue for library.localhost
2025-08-12 19:34:00,244 ERROR scheduler Skipped queueing frappe.utils.global_search.sync_global_search because it was found in queue for library.localhost
2025-08-12 19:34:00,248 ERROR scheduler Skipped queueing frappe.model.utils.link_count.update_link_count because it was found in queue for library.localhost
2025-08-12 19:54:00,413 ERROR scheduler Skipped queueing frappe.email.doctype.notification.notification.trigger_offset_alerts because it was found in queue for library.localhost
2025-08-12 19:54:00,427 ERROR scheduler Skipped queueing frappe.utils.global_search.sync_global_search because it was found in queue for library.localhost
2025-08-12 20:06:00,506 ERROR scheduler Skipped queueing frappe.desk.form.document_follow.send_hourly_updates because it was found in queue for library.localhost
2025-08-12 20:06:00,508 ERROR scheduler Skipped queueing frappe.website.doctype.personal_data_deletion_request.personal_data_deletion_request.process_data_deletion_request because it was found in queue for library.localhost
2025-08-12 20:06:00,509 ERROR scheduler Skipped queueing frappe.twofactor.delete_all_barcodes_for_users because it was found in queue for library.localhost
2025-08-12 20:06:00,510 ERROR scheduler Skipped queueing frappe.oauth.delete_oauth2_data because it was found in queue for library.localhost
2025-08-12 20:06:00,512 ERROR scheduler Skipped queueing frappe.model.utils.user_settings.sync_user_settings because it was found in queue for library.localhost
2025-08-12 20:06:00,513 ERROR scheduler Skipped queueing frappe.website.doctype.web_page.web_page.check_publish_status because it was found in queue for library.localhost
2025-08-12 20:06:00,514 ERROR scheduler Skipped queueing frappe.email.doctype.notification.notification.trigger_offset_alerts because it was found in queue for library.localhost
2025-08-12 20:06:00,515 ERROR scheduler Skipped queueing frappe.desk.page.backups.backups.delete_downloadable_backups because it was found in queue for library.localhost
2025-08-12 20:06:00,516 ERROR scheduler Skipped queueing frappe.model.utils.link_count.update_link_count because it was found in queue for library.localhost
2025-08-12 20:06:00,517 ERROR scheduler Skipped queueing frappe.core.doctype.prepared_report.prepared_report.expire_stalled_report because it was found in queue for library.localhost
2025-08-12 20:14:00,608 ERROR scheduler Skipped queueing frappe.email.doctype.notification.notification.trigger_offset_alerts because it was found in queue for library.localhost
2025-08-12 20:26:00,690 ERROR scheduler Skipped queueing frappe.integrations.doctype.google_calendar.google_calendar.sync because it was found in queue for library.localhost
2025-08-12 20:26:00,695 ERROR scheduler Skipped queueing frappe.email.queue.flush because it was found in queue for library.localhost
2025-08-12 20:34:00,734 ERROR scheduler Skipped queueing frappe.email.doctype.email_account.email_account.notify_unreplied because it was found in queue for library.localhost
2025-08-12 20:34:00,740 ERROR scheduler Skipped queueing frappe.deferred_insert.save_to_db because it was found in queue for library.localhost
2025-08-12 20:46:00,803 ERROR scheduler Skipped queueing frappe.monitor.flush because it was found in queue for library.localhost
2025-08-12 20:46:00,806 ERROR scheduler Skipped queueing frappe.email.queue.flush because it was found in queue for library.localhost
2025-08-12 20:46:00,808 ERROR scheduler Skipped queueing frappe.email.doctype.notification.notification.trigger_offset_alerts because it was found in queue for library.localhost
2025-08-12 20:46:00,815 ERROR scheduler Skipped queueing frappe.email.queue.retry_sending_emails because it was found in queue for library.localhost
2025-08-13 12:26:00,399 ERROR scheduler Skipped queueing frappe.email.doctype.notification.notification.trigger_offset_alerts because it was found in queue for library.localhost
2025-08-13 12:26:00,405 ERROR scheduler Skipped queueing frappe.email.queue.flush because it was found in queue for library.localhost
